<?xml version="1.0" encoding="UTF-8"?>
<testsuite xmlns:xsi="http://www.w3.org/2001/XMLSchema-instance" xsi:noNamespaceSchemaLocation="https://maven.apache.org/surefire/maven-surefire-plugin/xsd/surefire-test-report.xsd" version="3.0.2" name="uno.zhuchen.echonotejava.EchoNoteJavaApplicationTests" time="5.741" tests="1" errors="0" skipped="0" failures="0">
  <properties>
    <property name="java.specification.version" value="17"/>
    <property name="sun.cpu.isalist" value="amd64"/>
    <property name="sun.jnu.encoding" value="GBK"/>
    <property name="java.class.path" value="D:\项目\EchoNote\EchoNote-JAVA\target\test-classes;D:\项目\EchoNote\EchoNote-JAVA\target\classes;D:\CS系列\CS61B\library-sp21\javalib\org\springframework\boot\spring-boot-starter-security\3.5.4\spring-boot-starter-security-3.5.4.jar;D:\CS系列\CS61B\library-sp21\javalib\org\springframework\boot\spring-boot-starter\3.5.4\spring-boot-starter-3.5.4.jar;D:\CS系列\CS61B\library-sp21\javalib\org\springframework\boot\spring-boot\3.5.4\spring-boot-3.5.4.jar;D:\CS系列\CS61B\library-sp21\javalib\org\springframework\boot\spring-boot-autoconfigure\3.5.4\spring-boot-autoconfigure-3.5.4.jar;D:\CS系列\CS61B\library-sp21\javalib\org\springframework\boot\spring-boot-starter-logging\3.5.4\spring-boot-starter-logging-3.5.4.jar;D:\CS系列\CS61B\library-sp21\javalib\ch\qos\logback\logback-classic\1.5.18\logback-classic-1.5.18.jar;D:\CS系列\CS61B\library-sp21\javalib\ch\qos\logback\logback-core\1.5.18\logback-core-1.5.18.jar;D:\CS系列\CS61B\library-sp21\javalib\org\apache\logging\log4j\log4j-to-slf4j\2.24.3\log4j-to-slf4j-2.24.3.jar;D:\CS系列\CS61B\library-sp21\javalib\org\apache\logging\log4j\log4j-api\2.24.3\log4j-api-2.24.3.jar;D:\CS系列\CS61B\library-sp21\javalib\org\slf4j\jul-to-slf4j\2.0.17\jul-to-slf4j-2.0.17.jar;D:\CS系列\CS61B\library-sp21\javalib\jakarta\annotation\jakarta.annotation-api\2.1.1\jakarta.annotation-api-2.1.1.jar;D:\CS系列\CS61B\library-sp21\javalib\org\yaml\snakeyaml\2.4\snakeyaml-2.4.jar;D:\CS系列\CS61B\library-sp21\javalib\org\springframework\spring-aop\6.2.9\spring-aop-6.2.9.jar;D:\CS系列\CS61B\library-sp21\javalib\org\springframework\spring-beans\6.2.9\spring-beans-6.2.9.jar;D:\CS系列\CS61B\library-sp21\javalib\org\springframework\security\spring-security-config\6.5.2\spring-security-config-6.5.2.jar;D:\CS系列\CS61B\library-sp21\javalib\org\springframework\spring-context\6.2.9\spring-context-6.2.9.jar;D:\CS系列\CS61B\library-sp21\javalib\org\springframework\security\spring-security-web\6.5.2\spring-security-web-6.5.2.jar;D:\CS系列\CS61B\library-sp21\javalib\org\springframework\spring-expression\6.2.9\spring-expression-6.2.9.jar;D:\CS系列\CS61B\library-sp21\javalib\org\springframework\boot\spring-boot-starter-web\3.5.4\spring-boot-starter-web-3.5.4.jar;D:\CS系列\CS61B\library-sp21\javalib\org\springframework\boot\spring-boot-starter-json\3.5.4\spring-boot-starter-json-3.5.4.jar;D:\CS系列\CS61B\library-sp21\javalib\com\fasterxml\jackson\core\jackson-databind\2.19.2\jackson-databind-2.19.2.jar;D:\CS系列\CS61B\library-sp21\javalib\com\fasterxml\jackson\core\jackson-annotations\2.19.2\jackson-annotations-2.19.2.jar;D:\CS系列\CS61B\library-sp21\javalib\com\fasterxml\jackson\core\jackson-core\2.19.2\jackson-core-2.19.2.jar;D:\CS系列\CS61B\library-sp21\javalib\com\fasterxml\jackson\datatype\jackson-datatype-jdk8\2.19.2\jackson-datatype-jdk8-2.19.2.jar;D:\CS系列\CS61B\library-sp21\javalib\com\fasterxml\jackson\datatype\jackson-datatype-jsr310\2.19.2\jackson-datatype-jsr310-2.19.2.jar;D:\CS系列\CS61B\library-sp21\javalib\com\fasterxml\jackson\module\jackson-module-parameter-names\2.19.2\jackson-module-parameter-names-2.19.2.jar;D:\CS系列\CS61B\library-sp21\javalib\org\springframework\boot\spring-boot-starter-tomcat\3.5.4\spring-boot-starter-tomcat-3.5.4.jar;D:\CS系列\CS61B\library-sp21\javalib\org\apache\tomcat\embed\tomcat-embed-core\10.1.43\tomcat-embed-core-10.1.43.jar;D:\CS系列\CS61B\library-sp21\javalib\org\apache\tomcat\embed\tomcat-embed-el\10.1.43\tomcat-embed-el-10.1.43.jar;D:\CS系列\CS61B\library-sp21\javalib\org\apache\tomcat\embed\tomcat-embed-websocket\10.1.43\tomcat-embed-websocket-10.1.43.jar;D:\CS系列\CS61B\library-sp21\javalib\org\springframework\spring-web\6.2.9\spring-web-6.2.9.jar;D:\CS系列\CS61B\library-sp21\javalib\io\micrometer\micrometer-observation\1.15.2\micrometer-observation-1.15.2.jar;D:\CS系列\CS61B\library-sp21\javalib\io\micrometer\micrometer-commons\1.15.2\micrometer-commons-1.15.2.jar;D:\CS系列\CS61B\library-sp21\javalib\org\springframework\spring-webmvc\6.2.9\spring-webmvc-6.2.9.jar;D:\CS系列\CS61B\library-sp21\javalib\org\projectlombok\lombok\1.18.38\lombok-1.18.38.jar;D:\CS系列\CS61B\library-sp21\javalib\com\mysql\mysql-connector-j\8.4.0\mysql-connector-j-8.4.0.jar;D:\CS系列\CS61B\library-sp21\javalib\io\jsonwebtoken\jjwt\0.12.3\jjwt-0.12.3.jar;D:\CS系列\CS61B\library-sp21\javalib\io\jsonwebtoken\jjwt-api\0.12.3\jjwt-api-0.12.3.jar;D:\CS系列\CS61B\library-sp21\javalib\io\jsonwebtoken\jjwt-impl\0.12.3\jjwt-impl-0.12.3.jar;D:\CS系列\CS61B\library-sp21\javalib\io\jsonwebtoken\jjwt-jackson\0.12.3\jjwt-jackson-0.12.3.jar;D:\CS系列\CS61B\library-sp21\javalib\org\mybatis\spring\boot\mybatis-spring-boot-starter\3.0.3\mybatis-spring-boot-starter-3.0.3.jar;D:\CS系列\CS61B\library-sp21\javalib\org\springframework\boot\spring-boot-starter-jdbc\3.5.4\spring-boot-starter-jdbc-3.5.4.jar;D:\CS系列\CS61B\library-sp21\javalib\com\zaxxer\HikariCP\6.3.1\HikariCP-6.3.1.jar;D:\CS系列\CS61B\library-sp21\javalib\org\springframework\spring-jdbc\6.2.9\spring-jdbc-6.2.9.jar;D:\CS系列\CS61B\library-sp21\javalib\org\springframework\spring-tx\6.2.9\spring-tx-6.2.9.jar;D:\CS系列\CS61B\library-sp21\javalib\org\mybatis\spring\boot\mybatis-spring-boot-autoconfigure\3.0.3\mybatis-spring-boot-autoconfigure-3.0.3.jar;D:\CS系列\CS61B\library-sp21\javalib\org\mybatis\mybatis\3.5.14\mybatis-3.5.14.jar;D:\CS系列\CS61B\library-sp21\javalib\org\mybatis\mybatis-spring\3.0.3\mybatis-spring-3.0.3.jar;D:\CS系列\CS61B\library-sp21\javalib\org\springframework\boot\spring-boot-starter-test\3.5.4\spring-boot-starter-test-3.5.4.jar;D:\CS系列\CS61B\library-sp21\javalib\org\springframework\boot\spring-boot-test\3.5.4\spring-boot-test-3.5.4.jar;D:\CS系列\CS61B\library-sp21\javalib\org\springframework\boot\spring-boot-test-autoconfigure\3.5.4\spring-boot-test-autoconfigure-3.5.4.jar;D:\CS系列\CS61B\library-sp21\javalib\com\jayway\jsonpath\json-path\2.9.0\json-path-2.9.0.jar;D:\CS系列\CS61B\library-sp21\javalib\org\slf4j\slf4j-api\2.0.17\slf4j-api-2.0.17.jar;D:\CS系列\CS61B\library-sp21\javalib\jakarta\xml\bind\jakarta.xml.bind-api\4.0.2\jakarta.xml.bind-api-4.0.2.jar;D:\CS系列\CS61B\library-sp21\javalib\jakarta\activation\jakarta.activation-api\2.1.3\jakarta.activation-api-2.1.3.jar;D:\CS系列\CS61B\library-sp21\javalib\net\minidev\json-smart\2.5.2\json-smart-2.5.2.jar;D:\CS系列\CS61B\library-sp21\javalib\net\minidev\accessors-smart\2.5.2\accessors-smart-2.5.2.jar;D:\CS系列\CS61B\library-sp21\javalib\org\ow2\asm\asm\9.7.1\asm-9.7.1.jar;D:\CS系列\CS61B\library-sp21\javalib\org\assertj\assertj-core\3.27.3\assertj-core-3.27.3.jar;D:\CS系列\CS61B\library-sp21\javalib\net\bytebuddy\byte-buddy\1.17.6\byte-buddy-1.17.6.jar;D:\CS系列\CS61B\library-sp21\javalib\org\awaitility\awaitility\4.2.2\awaitility-4.2.2.jar;D:\CS系列\CS61B\library-sp21\javalib\org\hamcrest\hamcrest\3.0\hamcrest-3.0.jar;D:\CS系列\CS61B\library-sp21\javalib\org\junit\jupiter\junit-jupiter\5.12.2\junit-jupiter-5.12.2.jar;D:\CS系列\CS61B\library-sp21\javalib\org\junit\jupiter\junit-jupiter-api\5.12.2\junit-jupiter-api-5.12.2.jar;D:\CS系列\CS61B\library-sp21\javalib\org\opentest4j\opentest4j\1.3.0\opentest4j-1.3.0.jar;D:\CS系列\CS61B\library-sp21\javalib\org\junit\platform\junit-platform-commons\1.12.2\junit-platform-commons-1.12.2.jar;D:\CS系列\CS61B\library-sp21\javalib\org\apiguardian\apiguardian-api\1.1.2\apiguardian-api-1.1.2.jar;D:\CS系列\CS61B\library-sp21\javalib\org\junit\jupiter\junit-jupiter-params\5.12.2\junit-jupiter-params-5.12.2.jar;D:\CS系列\CS61B\library-sp21\javalib\org\junit\jupiter\junit-jupiter-engine\5.12.2\junit-jupiter-engine-5.12.2.jar;D:\CS系列\CS61B\library-sp21\javalib\org\junit\platform\junit-platform-engine\1.12.2\junit-platform-engine-1.12.2.jar;D:\CS系列\CS61B\library-sp21\javalib\org\mockito\mockito-core\5.17.0\mockito-core-5.17.0.jar;D:\CS系列\CS61B\library-sp21\javalib\net\bytebuddy\byte-buddy-agent\1.17.6\byte-buddy-agent-1.17.6.jar;D:\CS系列\CS61B\library-sp21\javalib\org\objenesis\objenesis\3.3\objenesis-3.3.jar;D:\CS系列\CS61B\library-sp21\javalib\org\mockito\mockito-junit-jupiter\5.17.0\mockito-junit-jupiter-5.17.0.jar;D:\CS系列\CS61B\library-sp21\javalib\org\skyscreamer\jsonassert\1.5.3\jsonassert-1.5.3.jar;D:\CS系列\CS61B\library-sp21\javalib\com\vaadin\external\google\android-json\0.0.20131108.vaadin1\android-json-0.0.20131108.vaadin1.jar;D:\CS系列\CS61B\library-sp21\javalib\org\springframework\spring-core\6.2.9\spring-core-6.2.9.jar;D:\CS系列\CS61B\library-sp21\javalib\org\springframework\spring-jcl\6.2.9\spring-jcl-6.2.9.jar;D:\CS系列\CS61B\library-sp21\javalib\org\springframework\spring-test\6.2.9\spring-test-6.2.9.jar;D:\CS系列\CS61B\library-sp21\javalib\org\xmlunit\xmlunit-core\2.10.3\xmlunit-core-2.10.3.jar;D:\CS系列\CS61B\library-sp21\javalib\org\springframework\security\spring-security-test\6.5.2\spring-security-test-6.5.2.jar;D:\CS系列\CS61B\library-sp21\javalib\org\springframework\security\spring-security-core\6.5.2\spring-security-core-6.5.2.jar;D:\CS系列\CS61B\library-sp21\javalib\org\springframework\security\spring-security-crypto\6.5.2\spring-security-crypto-6.5.2.jar;"/>
    <property name="java.vm.vendor" value="Microsoft"/>
    <property name="sun.arch.data.model" value="64"/>
    <property name="user.variant" value=""/>
    <property name="java.vendor.url" value="https://www.microsoft.com"/>
    <property name="user.timezone" value="Asia/Shanghai"/>
    <property name="os.name" value="Windows 11"/>
    <property name="java.vm.specification.version" value="17"/>
    <property name="APPLICATION_NAME" value="SpringSecurity"/>
    <property name="sun.java.launcher" value="SUN_STANDARD"/>
    <property name="user.country" value="CN"/>
    <property name="sun.boot.library.path" value="C:\Users\lenovo\.jdks\ms-17.0.16\bin"/>
    <property name="sun.java.command" value="C:\Users\lenovo\AppData\Local\Temp\surefire8494003957128327590\surefirebooter-20250830162156962_3.jar C:\Users\lenovo\AppData\Local\Temp\surefire8494003957128327590 2025-08-30T16-21-56_662-jvmRun1 surefire-20250830162156962_1tmp surefire_0-20250830162156962_2tmp"/>
    <property name="jdk.debug" value="release"/>
    <property name="surefire.test.class.path" value="D:\项目\EchoNote\EchoNote-JAVA\target\test-classes;D:\项目\EchoNote\EchoNote-JAVA\target\classes;D:\CS系列\CS61B\library-sp21\javalib\org\springframework\boot\spring-boot-starter-security\3.5.4\spring-boot-starter-security-3.5.4.jar;D:\CS系列\CS61B\library-sp21\javalib\org\springframework\boot\spring-boot-starter\3.5.4\spring-boot-starter-3.5.4.jar;D:\CS系列\CS61B\library-sp21\javalib\org\springframework\boot\spring-boot\3.5.4\spring-boot-3.5.4.jar;D:\CS系列\CS61B\library-sp21\javalib\org\springframework\boot\spring-boot-autoconfigure\3.5.4\spring-boot-autoconfigure-3.5.4.jar;D:\CS系列\CS61B\library-sp21\javalib\org\springframework\boot\spring-boot-starter-logging\3.5.4\spring-boot-starter-logging-3.5.4.jar;D:\CS系列\CS61B\library-sp21\javalib\ch\qos\logback\logback-classic\1.5.18\logback-classic-1.5.18.jar;D:\CS系列\CS61B\library-sp21\javalib\ch\qos\logback\logback-core\1.5.18\logback-core-1.5.18.jar;D:\CS系列\CS61B\library-sp21\javalib\org\apache\logging\log4j\log4j-to-slf4j\2.24.3\log4j-to-slf4j-2.24.3.jar;D:\CS系列\CS61B\library-sp21\javalib\org\apache\logging\log4j\log4j-api\2.24.3\log4j-api-2.24.3.jar;D:\CS系列\CS61B\library-sp21\javalib\org\slf4j\jul-to-slf4j\2.0.17\jul-to-slf4j-2.0.17.jar;D:\CS系列\CS61B\library-sp21\javalib\jakarta\annotation\jakarta.annotation-api\2.1.1\jakarta.annotation-api-2.1.1.jar;D:\CS系列\CS61B\library-sp21\javalib\org\yaml\snakeyaml\2.4\snakeyaml-2.4.jar;D:\CS系列\CS61B\library-sp21\javalib\org\springframework\spring-aop\6.2.9\spring-aop-6.2.9.jar;D:\CS系列\CS61B\library-sp21\javalib\org\springframework\spring-beans\6.2.9\spring-beans-6.2.9.jar;D:\CS系列\CS61B\library-sp21\javalib\org\springframework\security\spring-security-config\6.5.2\spring-security-config-6.5.2.jar;D:\CS系列\CS61B\library-sp21\javalib\org\springframework\spring-context\6.2.9\spring-context-6.2.9.jar;D:\CS系列\CS61B\library-sp21\javalib\org\springframework\security\spring-security-web\6.5.2\spring-security-web-6.5.2.jar;D:\CS系列\CS61B\library-sp21\javalib\org\springframework\spring-expression\6.2.9\spring-expression-6.2.9.jar;D:\CS系列\CS61B\library-sp21\javalib\org\springframework\boot\spring-boot-starter-web\3.5.4\spring-boot-starter-web-3.5.4.jar;D:\CS系列\CS61B\library-sp21\javalib\org\springframework\boot\spring-boot-starter-json\3.5.4\spring-boot-starter-json-3.5.4.jar;D:\CS系列\CS61B\library-sp21\javalib\com\fasterxml\jackson\core\jackson-databind\2.19.2\jackson-databind-2.19.2.jar;D:\CS系列\CS61B\library-sp21\javalib\com\fasterxml\jackson\core\jackson-annotations\2.19.2\jackson-annotations-2.19.2.jar;D:\CS系列\CS61B\library-sp21\javalib\com\fasterxml\jackson\core\jackson-core\2.19.2\jackson-core-2.19.2.jar;D:\CS系列\CS61B\library-sp21\javalib\com\fasterxml\jackson\datatype\jackson-datatype-jdk8\2.19.2\jackson-datatype-jdk8-2.19.2.jar;D:\CS系列\CS61B\library-sp21\javalib\com\fasterxml\jackson\datatype\jackson-datatype-jsr310\2.19.2\jackson-datatype-jsr310-2.19.2.jar;D:\CS系列\CS61B\library-sp21\javalib\com\fasterxml\jackson\module\jackson-module-parameter-names\2.19.2\jackson-module-parameter-names-2.19.2.jar;D:\CS系列\CS61B\library-sp21\javalib\org\springframework\boot\spring-boot-starter-tomcat\3.5.4\spring-boot-starter-tomcat-3.5.4.jar;D:\CS系列\CS61B\library-sp21\javalib\org\apache\tomcat\embed\tomcat-embed-core\10.1.43\tomcat-embed-core-10.1.43.jar;D:\CS系列\CS61B\library-sp21\javalib\org\apache\tomcat\embed\tomcat-embed-el\10.1.43\tomcat-embed-el-10.1.43.jar;D:\CS系列\CS61B\library-sp21\javalib\org\apache\tomcat\embed\tomcat-embed-websocket\10.1.43\tomcat-embed-websocket-10.1.43.jar;D:\CS系列\CS61B\library-sp21\javalib\org\springframework\spring-web\6.2.9\spring-web-6.2.9.jar;D:\CS系列\CS61B\library-sp21\javalib\io\micrometer\micrometer-observation\1.15.2\micrometer-observation-1.15.2.jar;D:\CS系列\CS61B\library-sp21\javalib\io\micrometer\micrometer-commons\1.15.2\micrometer-commons-1.15.2.jar;D:\CS系列\CS61B\library-sp21\javalib\org\springframework\spring-webmvc\6.2.9\spring-webmvc-6.2.9.jar;D:\CS系列\CS61B\library-sp21\javalib\org\projectlombok\lombok\1.18.38\lombok-1.18.38.jar;D:\CS系列\CS61B\library-sp21\javalib\com\mysql\mysql-connector-j\8.4.0\mysql-connector-j-8.4.0.jar;D:\CS系列\CS61B\library-sp21\javalib\io\jsonwebtoken\jjwt\0.12.3\jjwt-0.12.3.jar;D:\CS系列\CS61B\library-sp21\javalib\io\jsonwebtoken\jjwt-api\0.12.3\jjwt-api-0.12.3.jar;D:\CS系列\CS61B\library-sp21\javalib\io\jsonwebtoken\jjwt-impl\0.12.3\jjwt-impl-0.12.3.jar;D:\CS系列\CS61B\library-sp21\javalib\io\jsonwebtoken\jjwt-jackson\0.12.3\jjwt-jackson-0.12.3.jar;D:\CS系列\CS61B\library-sp21\javalib\org\mybatis\spring\boot\mybatis-spring-boot-starter\3.0.3\mybatis-spring-boot-starter-3.0.3.jar;D:\CS系列\CS61B\library-sp21\javalib\org\springframework\boot\spring-boot-starter-jdbc\3.5.4\spring-boot-starter-jdbc-3.5.4.jar;D:\CS系列\CS61B\library-sp21\javalib\com\zaxxer\HikariCP\6.3.1\HikariCP-6.3.1.jar;D:\CS系列\CS61B\library-sp21\javalib\org\springframework\spring-jdbc\6.2.9\spring-jdbc-6.2.9.jar;D:\CS系列\CS61B\library-sp21\javalib\org\springframework\spring-tx\6.2.9\spring-tx-6.2.9.jar;D:\CS系列\CS61B\library-sp21\javalib\org\mybatis\spring\boot\mybatis-spring-boot-autoconfigure\3.0.3\mybatis-spring-boot-autoconfigure-3.0.3.jar;D:\CS系列\CS61B\library-sp21\javalib\org\mybatis\mybatis\3.5.14\mybatis-3.5.14.jar;D:\CS系列\CS61B\library-sp21\javalib\org\mybatis\mybatis-spring\3.0.3\mybatis-spring-3.0.3.jar;D:\CS系列\CS61B\library-sp21\javalib\org\springframework\boot\spring-boot-starter-test\3.5.4\spring-boot-starter-test-3.5.4.jar;D:\CS系列\CS61B\library-sp21\javalib\org\springframework\boot\spring-boot-test\3.5.4\spring-boot-test-3.5.4.jar;D:\CS系列\CS61B\library-sp21\javalib\org\springframework\boot\spring-boot-test-autoconfigure\3.5.4\spring-boot-test-autoconfigure-3.5.4.jar;D:\CS系列\CS61B\library-sp21\javalib\com\jayway\jsonpath\json-path\2.9.0\json-path-2.9.0.jar;D:\CS系列\CS61B\library-sp21\javalib\org\slf4j\slf4j-api\2.0.17\slf4j-api-2.0.17.jar;D:\CS系列\CS61B\library-sp21\javalib\jakarta\xml\bind\jakarta.xml.bind-api\4.0.2\jakarta.xml.bind-api-4.0.2.jar;D:\CS系列\CS61B\library-sp21\javalib\jakarta\activation\jakarta.activation-api\2.1.3\jakarta.activation-api-2.1.3.jar;D:\CS系列\CS61B\library-sp21\javalib\net\minidev\json-smart\2.5.2\json-smart-2.5.2.jar;D:\CS系列\CS61B\library-sp21\javalib\net\minidev\accessors-smart\2.5.2\accessors-smart-2.5.2.jar;D:\CS系列\CS61B\library-sp21\javalib\org\ow2\asm\asm\9.7.1\asm-9.7.1.jar;D:\CS系列\CS61B\library-sp21\javalib\org\assertj\assertj-core\3.27.3\assertj-core-3.27.3.jar;D:\CS系列\CS61B\library-sp21\javalib\net\bytebuddy\byte-buddy\1.17.6\byte-buddy-1.17.6.jar;D:\CS系列\CS61B\library-sp21\javalib\org\awaitility\awaitility\4.2.2\awaitility-4.2.2.jar;D:\CS系列\CS61B\library-sp21\javalib\org\hamcrest\hamcrest\3.0\hamcrest-3.0.jar;D:\CS系列\CS61B\library-sp21\javalib\org\junit\jupiter\junit-jupiter\5.12.2\junit-jupiter-5.12.2.jar;D:\CS系列\CS61B\library-sp21\javalib\org\junit\jupiter\junit-jupiter-api\5.12.2\junit-jupiter-api-5.12.2.jar;D:\CS系列\CS61B\library-sp21\javalib\org\opentest4j\opentest4j\1.3.0\opentest4j-1.3.0.jar;D:\CS系列\CS61B\library-sp21\javalib\org\junit\platform\junit-platform-commons\1.12.2\junit-platform-commons-1.12.2.jar;D:\CS系列\CS61B\library-sp21\javalib\org\apiguardian\apiguardian-api\1.1.2\apiguardian-api-1.1.2.jar;D:\CS系列\CS61B\library-sp21\javalib\org\junit\jupiter\junit-jupiter-params\5.12.2\junit-jupiter-params-5.12.2.jar;D:\CS系列\CS61B\library-sp21\javalib\org\junit\jupiter\junit-jupiter-engine\5.12.2\junit-jupiter-engine-5.12.2.jar;D:\CS系列\CS61B\library-sp21\javalib\org\junit\platform\junit-platform-engine\1.12.2\junit-platform-engine-1.12.2.jar;D:\CS系列\CS61B\library-sp21\javalib\org\mockito\mockito-core\5.17.0\mockito-core-5.17.0.jar;D:\CS系列\CS61B\library-sp21\javalib\net\bytebuddy\byte-buddy-agent\1.17.6\byte-buddy-agent-1.17.6.jar;D:\CS系列\CS61B\library-sp21\javalib\org\objenesis\objenesis\3.3\objenesis-3.3.jar;D:\CS系列\CS61B\library-sp21\javalib\org\mockito\mockito-junit-jupiter\5.17.0\mockito-junit-jupiter-5.17.0.jar;D:\CS系列\CS61B\library-sp21\javalib\org\skyscreamer\jsonassert\1.5.3\jsonassert-1.5.3.jar;D:\CS系列\CS61B\library-sp21\javalib\com\vaadin\external\google\android-json\0.0.20131108.vaadin1\android-json-0.0.20131108.vaadin1.jar;D:\CS系列\CS61B\library-sp21\javalib\org\springframework\spring-core\6.2.9\spring-core-6.2.9.jar;D:\CS系列\CS61B\library-sp21\javalib\org\springframework\spring-jcl\6.2.9\spring-jcl-6.2.9.jar;D:\CS系列\CS61B\library-sp21\javalib\org\springframework\spring-test\6.2.9\spring-test-6.2.9.jar;D:\CS系列\CS61B\library-sp21\javalib\org\xmlunit\xmlunit-core\2.10.3\xmlunit-core-2.10.3.jar;D:\CS系列\CS61B\library-sp21\javalib\org\springframework\security\spring-security-test\6.5.2\spring-security-test-6.5.2.jar;D:\CS系列\CS61B\library-sp21\javalib\org\springframework\security\spring-security-core\6.5.2\spring-security-core-6.5.2.jar;D:\CS系列\CS61B\library-sp21\javalib\org\springframework\security\spring-security-crypto\6.5.2\spring-security-crypto-6.5.2.jar;"/>
    <property name="sun.cpu.endian" value="little"/>
    <property name="user.home" value="C:\Users\lenovo"/>
    <property name="user.language" value="zh"/>
    <property name="java.specification.vendor" value="Oracle Corporation"/>
    <property name="java.version.date" value="2025-07-15"/>
    <property name="java.home" value="C:\Users\lenovo\.jdks\ms-17.0.16"/>
    <property name="file.separator" value="\"/>
    <property name="basedir" value="D:\项目\EchoNote\EchoNote-JAVA"/>
    <property name="java.vm.compressedOopsMode" value="Zero based"/>
    <property name="line.separator" value="&#10;"/>
    <property name="java.vm.specification.vendor" value="Oracle Corporation"/>
    <property name="java.specification.name" value="Java Platform API Specification"/>
    <property name="FILE_LOG_CHARSET" value="GBK"/>
    <property name="java.awt.headless" value="true"/>
    <property name="surefire.real.class.path" value="C:\Users\lenovo\AppData\Local\Temp\surefire8494003957128327590\surefirebooter-20250830162156962_3.jar"/>
    <property name="user.script" value=""/>
    <property name="sun.management.compiler" value="HotSpot 64-Bit Tiered Compilers"/>
    <property name="java.runtime.version" value="17.0.16+8-LTS"/>
    <property name="user.name" value="lenovo"/>
    <property name="path.separator" value=";"/>
    <property name="os.version" value="10.0"/>
    <property name="java.runtime.name" value="OpenJDK Runtime Environment"/>
    <property name="file.encoding" value="GBK"/>
    <property name="java.vm.name" value="OpenJDK 64-Bit Server VM"/>
    <property name="java.vendor.version" value="Microsoft-11926163"/>
    <property name="localRepository" value="D:\CS系列\CS61B\library-sp21\javalib"/>
    <property name="java.vendor.url.bug" value="https://github.com/microsoft/openjdk/issues"/>
    <property name="java.io.tmpdir" value="C:\Users\lenovo\AppData\Local\Temp\"/>
    <property name="idea.version" value="2025.1.4.1"/>
    <property name="java.version" value="17.0.16"/>
    <property name="user.dir" value="D:\项目\EchoNote\EchoNote-JAVA"/>
    <property name="os.arch" value="amd64"/>
    <property name="java.vm.specification.name" value="Java Virtual Machine Specification"/>
    <property name="PID" value="3168"/>
    <property name="sun.os.patch.level" value=""/>
    <property name="CONSOLE_LOG_CHARSET" value="GBK"/>
    <property name="native.encoding" value="GBK"/>
    <property name="java.library.path" value="C:\Users\lenovo\.jdks\ms-17.0.16\bin;C:\WINDOWS\Sun\Java\bin;C:\WINDOWS\system32;C:\WINDOWS;D:\VSCode\.conda\anaconda3\condabin;D:\wangpan\xuni\bin\;D:\bin;C:\Windows\system32;C:\Windows;C:\Windows\System32\Wbem;C:\Windows\System32\WindowsPowerShell\v1.0\;C:\Windows\System32\OpenSSH\;C:\Program Files (x86)\NVIDIA Corporation\PhysX\Common;C:\Program Files\NVIDIA Corporation\NVIDIA NvDLISR;C:\Program Files\dotnet\;E:\Xshell\;C:\WINDOWS\system32;C:\WINDOWS;C:\WINDOWS\System32\Wbem;C:\WINDOWS\System32\WindowsPowerShell\v1.0\;C:\WINDOWS\System32\OpenSSH\;C:\Program Files (x86)\Windows Kits\10\Windows Performance Toolkit\;C:\WINDOWS\system32\downlevel;C:\Program Files (x86)\PowerShell\7-preview\preview;D:\Maven\apache-maven-3.9.9;D:\Maven\apache-maven-3.9.9\bin;D:\Node.js\;d:\cursor\resources\app\bin;D:\微信web开发者工具\dll;C:\Pro;ram Files\Docker\Docker\resources\bin;D:\Git\cmd;C:\Users\lenovo\.cargo\bin;d:\Trae CN\bin;D:\JAVA\JAVA-17\bin;C:\Users\lenovo\AppData\Local\Programs\Python\Python312\Scripts\;C:\Users\lenovo\AppData\Local\Programs\Python\Python312\;C:\Users\lenovo\AppData\Local\Programs\oh-my-posh\bin\;C:\Users\lenovo\AppData\Local\Microsoft\WindowsApps;D:\Pycharm\PyCharm Community Edition 2024.3.1.1\bin;D:\VSCode\mingw64\bin;D:\clion\CLion 2022.3\bin;D:\VSCode\Microsoft VS Code\bin;D:\VSCode\.conda\anaconda3\Scripts;D:\Pycharm\PyCharm 2024.3.1.1\bin;D:\Node.js\node_global;C:\Users\lenovo\.lmstudio\bin;D:\IDEA\IntelliJ IDEA 2025.1\bin;;D:\Pycharm\PyCharm 2024.3.4\bin;;C:\Sqlite;D:\Maven\apache-maven-3.9.9\bin;D:\MySQL\Software\bin;D:\DataGrip 2025.1.3\bin;;D:\cursor\resources\app\bin;D:\ffmpeg-7.1.1-essentials_build\bin;D:\Qoder\bin;."/>
    <property name="java.vm.info" value="mixed mode, sharing"/>
    <property name="java.vendor" value="Microsoft"/>
    <property name="java.vm.version" value="17.0.16+8-LTS"/>
    <property name="java.specification.maintenance.version" value="1"/>
    <property name="sun.io.unicode.encoding" value="UnicodeLittle"/>
    <property name="maven.repo.local" value="D:\CS系列\CS61B\library-sp21\javalib"/>
    <property name="java.class.version" value="61.0"/>
    <property name="LOGGED_APPLICATION_NAME" value="[SpringSecurity] "/>
  </properties>
  <testcase name="contextLoads" classname="uno.zhuchen.echonotejava.EchoNoteJavaApplicationTests" time="1.105">
    <system-out><![CDATA[16:21:58.073 [main] INFO org.springframework.test.context.support.AnnotationConfigContextLoaderUtils -- Could not detect default configuration classes for test class [uno.zhuchen.echonotejava.EchoNoteJavaApplicationTests]: EchoNoteJavaApplicationTests does not declare any static, non-private, non-final, nested classes annotated with @Configuration.
16:21:58.186 [main] INFO org.springframework.boot.test.context.SpringBootTestContextBootstrapper -- Found @SpringBootConfiguration uno.zhuchen.echonotejava.EchoNoteJavaApplication for test class uno.zhuchen.echonotejava.EchoNoteJavaApplicationTests

  .   ____          _            __ _ _
 /\\ / ___'_ __ _ _(_)_ __  __ _ \ \ \ \
( ( )\___ | '_ | '_| | '_ \/ _` | \ \ \ \
 \\/  ___)| |_)| | | | | || (_| |  ) ) ) )
  '  |____| .__|_| |_|_| |_\__, | / / / /
 =========|_|==============|___/=/_/_/_/

 :: Spring Boot ::                (v3.5.4)

2025-08-30T16:21:58.709+08:00  INFO 3168 --- [SpringSecurity] [           main] u.z.e.EchoNoteJavaApplicationTests       : Starting EchoNoteJavaApplicationTests using Java 17.0.16 with PID 3168 (started by lenovo in D:\项目\EchoNote\EchoNote-JAVA)
2025-08-30T16:21:58.711+08:00  INFO 3168 --- [SpringSecurity] [           main] u.z.e.EchoNoteJavaApplicationTests       : No active profile set, falling back to 1 default profile: "default"
Logging initialized using 'class org.apache.ibatis.logging.stdout.StdOutImpl' adapter.
2025-08-30T16:22:01.061+08:00  INFO 3168 --- [SpringSecurity] [           main] r$InitializeUserDetailsManagerConfigurer : Global AuthenticationManager configured with UserDetailsService bean with name userDetailsServiceImpl
2025-08-30T16:22:02.520+08:00  INFO 3168 --- [SpringSecurity] [           main] u.z.e.EchoNoteJavaApplicationTests       : Started EchoNoteJavaApplicationTests in 4.16 seconds (process running for 5.129)
]]></system-out>
  </testcase>
</testsuite>